#
# There is insufficient memory for the Java Runtime Environment to continue.
# Native memory allocation (malloc) failed to allocate 147184 bytes for Chunk::new
# Possible reasons:
#   The system is out of physical RAM or swap space
#   The process is running with CompressedOops enabled, and the Java Heap may be blocking the growth of the native heap
# Possible solutions:
#   Reduce memory load on the system
#   Increase physical memory or swap space
#   Check if swap backing store is full
#   Decrease Java heap size (-Xmx/-Xms)
#   Decrease number of Java threads
#   Decrease Java thread stack sizes (-Xss)
#   Set larger code cache with -XX:ReservedCodeCacheSize=
#   JVM is running with Unscaled Compressed Oops mode in which the Java heap is
#     placed in the first 4GB address space. The Java Heap base address is the
#     maximum limit for the native heap growth. Please use -XX:HeapBaseMinAddress
#     to set the Java Heap base and to place the Java Heap above 4GB virtual address.
# This output file may be truncated or incomplete.
#
#  Out of Memory Error (allocation.cpp:389), pid=11016, tid=0x00000000000011d8
#
# JRE version: Java(TM) SE Runtime Environment (8.0_271-b09) (build 1.8.0_271-b09)
# Java VM: Java HotSpot(TM) 64-Bit Server VM (25.271-b09 mixed mode windows-amd64 compressed oops)
# Failed to write core dump. Minidumps are not enabled by default on client versions of Windows
#

---------------  T H R E A D  ---------------

Current thread (0x000002bd7e3a9800):  JavaThread "C2 CompilerThread0" daemon [_thread_in_native, id=4568, stack(0x000000c86f400000,0x000000c86f500000)]

Stack: [0x000000c86f400000,0x000000c86f500000]
Native frames: (J=compiled Java code, j=interpreted, Vv=VM code, C=native code)
V  [jvm.dll+0x33f6c9]


Current CompileTask:
C2: 263897 9164       4       org.gradle.internal.logging.sink.OutputEventTransformer::onOutput (399 bytes)


---------------  P R O C E S S  ---------------

Java Threads: ( => current thread )
  0x000002bd0333e000 JavaThread "Cache worker for Build Output Cleanup Cache (C:\Users\Febria\Documents\GitHub\pemrogramanMobile\usage\android\.gradle\buildOutputCleanup)" [_thread_blocked, id=6636, stack(0x000000c870d00000,0x000000c870e00000)]
  0x000002bd03345000 JavaThread "Build operations Thread 4" [_thread_blocked, id=10704, stack(0x000000c870c00000,0x000000c870d00000)]
  0x000002bd03342800 JavaThread "Build operations Thread 3" [_thread_blocked, id=11080, stack(0x000000c870b00000,0x000000c870c00000)]
  0x000002bd03344000 JavaThread "Build operations Thread 2" [_thread_blocked, id=10292, stack(0x000000c870a00000,0x000000c870b00000)]
  0x000002bd03343800 JavaThread "Build operations" [_thread_blocked, id=11140, stack(0x000000c870800000,0x000000c870900000)]
  0x000002bd0333b000 JavaThread "Cache worker for cache directory md-rule (C:\Users\Febria\.gradle\caches\5.6.2\md-rule)" [_thread_blocked, id=9088, stack(0x000000c870700000,0x000000c870800000)]
  0x000002bd03342000 JavaThread "Cache worker for cache directory md-supplier (C:\Users\Febria\.gradle\caches\5.6.2\md-supplier)" [_thread_blocked, id=6204, stack(0x000000c870600000,0x000000c870700000)]
  0x000002bd0333a000 JavaThread "Cache worker for file hash cache (C:\Users\Febria\Documents\GitHub\pemrogramanMobile\usage\android\.gradle\5.6.2\fileHashes)" [_thread_blocked, id=4016, stack(0x000000c870200000,0x000000c870300000)]
  0x000002bd0333d000 JavaThread "Thread-28" [_thread_blocked, id=460, stack(0x000000c870100000,0x000000c870200000)]
  0x000002bd03340000 JavaThread "Stdin handler" [_thread_blocked, id=8080, stack(0x000000c870000000,0x000000c870100000)]
  0x000002bd0333f800 JavaThread "Asynchronous log dispatcher for DefaultDaemonConnection: socket connection from /127.0.0.1:52305 to /127.0.0.1:52458" [_thread_blocked, id=512, stack(0x000000c86ff00000,0x000000c870000000)]
  0x000002bd03341000 JavaThread "Daemon worker Thread 2" [_thread_in_native, id=9500, stack(0x000000c86fe00000,0x000000c86ff00000)]
  0x000002bd0333c800 JavaThread "Cancel handler" [_thread_blocked, id=10808, stack(0x000000c86fd00000,0x000000c86fe00000)]
  0x000002bd0333e800 JavaThread "Handler for socket connection from /127.0.0.1:52305 to /127.0.0.1:52458" [_thread_in_native, id=7284, stack(0x000000c86fc00000,0x000000c86fd00000)]
  0x000002bd03338800 JavaThread "Daemon Thread 2" [_thread_blocked, id=7196, stack(0x000000c86e900000,0x000000c86ea00000)]
  0x000002bd0333b800 JavaThread "Memory manager" [_thread_blocked, id=10004, stack(0x000000c86e800000,0x000000c86e900000)]
  0x000002bd00ae5000 JavaThread "Cache worker for execution history cache (C:\Users\Febria\.gradle\caches\5.6.2\executionHistory)" [_thread_blocked, id=3632, stack(0x000000c870900000,0x000000c870a00000)]
  0x000002bd00ae2000 JavaThread "Cache worker for journal cache (C:\Users\Febria\.gradle\caches\journal-1)" [_thread_blocked, id=8020, stack(0x000000c870500000,0x000000c870600000)]
  0x000002bd00ae1800 JavaThread "File lock request listener" [_thread_in_native, id=2184, stack(0x000000c870400000,0x000000c870500000)]
  0x000002bd00ae3000 JavaThread "Cache worker for file hash cache (C:\Users\Febria\.gradle\caches\5.6.2\fileHashes)" [_thread_blocked, id=428, stack(0x000000c870300000,0x000000c870400000)]
  0x000002bd0093c000 JavaThread "Daemon periodic checks" [_thread_blocked, id=5404, stack(0x000000c86fb00000,0x000000c86fc00000)]
  0x000002bd0094d000 JavaThread "Incoming local TCP Connector on port 52305" [_thread_in_native, id=1564, stack(0x000000c86fa00000,0x000000c86fb00000)]
  0x000002bd008c7000 JavaThread "Daemon health stats" [_thread_blocked, id=5084, stack(0x000000c86f900000,0x000000c86fa00000)]
  0x000002bd7e406800 JavaThread "Service Thread" daemon [_thread_blocked, id=6868, stack(0x000000c86f700000,0x000000c86f800000)]
  0x000002bd7e3fe800 JavaThread "C1 CompilerThread2" daemon [_thread_blocked, id=1148, stack(0x000000c86f600000,0x000000c86f700000)]
  0x000002bd7e3ac800 JavaThread "C2 CompilerThread1" daemon [_thread_in_native, id=10896, stack(0x000000c86f500000,0x000000c86f600000)]
=>0x000002bd7e3a9800 JavaThread "C2 CompilerThread0" daemon [_thread_in_native, id=4568, stack(0x000000c86f400000,0x000000c86f500000)]
  0x000002bd7e3a7800 JavaThread "Attach Listener" daemon [_thread_blocked, id=8616, stack(0x000000c86f300000,0x000000c86f400000)]
  0x000002bd7e3a6800 JavaThread "Signal Dispatcher" daemon [_thread_blocked, id=744, stack(0x000000c86f200000,0x000000c86f300000)]
  0x000002bd7dc31800 JavaThread "Finalizer" daemon [_thread_blocked, id=9316, stack(0x000000c86f100000,0x000000c86f200000)]
  0x000002bd7dc30800 JavaThread "Reference Handler" daemon [_thread_blocked, id=4248, stack(0x000000c86f000000,0x000000c86f100000)]
  0x000002bd68de5800 JavaThread "main" [_thread_blocked, id=9352, stack(0x000000c86ea00000,0x000000c86eb00000)]

Other Threads:
  0x000002bd7e363000 VMThread [stack: 0x000000c86ef00000,0x000000c86f000000] [id=7500]
  0x000002bd7e413800 WatcherThread [stack: 0x000000c86f800000,0x000000c86f900000] [id=8004]

VM state:not at safepoint (normal execution)

VM Mutex/Monitor currently owned by a thread: None

heap address: 0x00000000a0000000, size: 1536 MB, Compressed Oops mode: 32-bit
Narrow klass base: 0x0000000000000000, Narrow klass shift: 3
Compressed class space size: 1073741824 Address: 0x0000000100000000

Heap:
 PSYoungGen      total 192000K, used 43848K [0x00000000e0000000, 0x00000000ef680000, 0x0000000100000000)
  eden space 172032K, 14% used [0x00000000e0000000,0x00000000e190fd08,0x00000000ea800000)
  from space 19968K, 91% used [0x00000000ea800000,0x00000000eb9c2590,0x00000000ebb80000)
  to   space 22016K, 0% used [0x00000000ee100000,0x00000000ee100000,0x00000000ef680000)
 ParOldGen       total 69120K, used 31847K [0x00000000a0000000, 0x00000000a4380000, 0x00000000e0000000)
  object space 69120K, 46% used [0x00000000a0000000,0x00000000a1f19fa8,0x00000000a4380000)
 Metaspace       used 66260K, capacity 68604K, committed 68736K, reserved 1107968K
  class space    used 8637K, capacity 9236K, committed 9344K, reserved 1048576K

Card table byte_map: [0x000002bd79b10000,0x000002bd79e20000] byte_map_base: 0x000002bd79610000

Marking Bits: (ParMarkBitMap*) 0x0000000062b87fe0
 Begin Bits: [0x000002bd7a020000, 0x000002bd7b820000)
 End Bits:   [0x000002bd7b820000, 0x000002bd7d020000)

Polling page: 0x000002bd6a720000

CodeCache: size=245760Kb used=28369Kb max_used=28369Kb free=217390Kb
 bounds [0x000002bd6a750000, 0x000002bd6c330000, 0x000002bd79750000]
 total_blobs=8752 nmethods=7941 adapters=721
 compilation: enabled

Compilation events (10 events):
Event: 263.820 Thread 0x000002bd7e3fe800 9190       1       org.gradle.api.internal.tasks.properties.AbstractPropertyNode::getPropertyName (5 bytes)
Event: 263.820 Thread 0x000002bd7e3fe800 nmethod 9190 0x000002bd6c323a50 code [0x000002bd6c323ba0, 0x000002bd6c323cb8]
Event: 263.820 Thread 0x000002bd7e3fe800 9191       1       org.gradle.api.internal.project.taskfactory.TaskClassInfo::getTaskActionFactories (5 bytes)
Event: 263.821 Thread 0x000002bd7e3fe800 nmethod 9191 0x000002bd6c323d10 code [0x000002bd6c323e60, 0x000002bd6c323f78]
Event: 263.821 Thread 0x000002bd7e3fe800 9192       1       org.gradle.api.internal.project.taskfactory.TaskClassInfo::isCacheable (5 bytes)
Event: 263.821 Thread 0x000002bd7e3fe800 nmethod 9192 0x000002bd6c323fd0 code [0x000002bd6c324120, 0x000002bd6c324238]
Event: 263.826 Thread 0x000002bd7e3fe800 9194       3       com.android.build.gradle.internal.publishing.AndroidArtifacts$PublishedConfigType::values (10 bytes)
Event: 263.826 Thread 0x000002bd7e3fe800 nmethod 9194 0x000002bd6c324290 code [0x000002bd6c324400, 0x000002bd6c3246f0]
Event: 263.833 Thread 0x000002bd7e3fe800 9195       3       java.math.BigInteger::<init> (38 bytes)
Event: 263.835 Thread 0x000002bd7e3fe800 nmethod 9195 0x000002bd6c324790 code [0x000002bd6c324940, 0x000002bd6c324e70]

GC Heap History (10 events):
Event: 80.042 GC heap before
{Heap before GC invocations=16 (full 2):
 PSYoungGen      total 116224K, used 116205K [0x00000000e0000000, 0x00000000e9e80000, 0x0000000100000000)
  eden space 102400K, 100% used [0x00000000e0000000,0x00000000e6400000,0x00000000e6400000)
  from space 13824K, 99% used [0x00000000e6400000,0x00000000e717b680,0x00000000e7180000)
  to   space 16384K, 0% used [0x00000000e8e80000,0x00000000e8e80000,0x00000000e9e80000)
 ParOldGen       total 45568K, used 18692K [0x00000000a0000000, 0x00000000a2c80000, 0x00000000e0000000)
  object space 45568K, 41% used [0x00000000a0000000,0x00000000a12410d0,0x00000000a2c80000)
 Metaspace       used 50610K, capacity 51732K, committed 51840K, reserved 1093632K
  class space    used 6684K, capacity 6993K, committed 7040K, reserved 1048576K
Event: 80.525 GC heap after
Heap after GC invocations=16 (full 2):
 PSYoungGen      total 144896K, used 12390K [0x00000000e0000000, 0x00000000ea500000, 0x0000000100000000)
  eden space 128512K, 0% used [0x00000000e0000000,0x00000000e0000000,0x00000000e7d80000)
  from space 16384K, 75% used [0x00000000e8e80000,0x00000000e9a99a80,0x00000000e9e80000)
  to   space 17408K, 0% used [0x00000000e7d80000,0x00000000e7d80000,0x00000000e8e80000)
 ParOldGen       total 45568K, used 18700K [0x00000000a0000000, 0x00000000a2c80000, 0x00000000e0000000)
  object space 45568K, 41% used [0x00000000a0000000,0x00000000a12430d0,0x00000000a2c80000)
 Metaspace       used 50610K, capacity 51732K, committed 51840K, reserved 1093632K
  class space    used 6684K, capacity 6993K, committed 7040K, reserved 1048576K
}
Event: 98.706 GC heap before
{Heap before GC invocations=17 (full 2):
 PSYoungGen      total 144896K, used 140902K [0x00000000e0000000, 0x00000000ea500000, 0x0000000100000000)
  eden space 128512K, 100% used [0x00000000e0000000,0x00000000e7d80000,0x00000000e7d80000)
  from space 16384K, 75% used [0x00000000e8e80000,0x00000000e9a99a80,0x00000000e9e80000)
  to   space 17408K, 0% used [0x00000000e7d80000,0x00000000e7d80000,0x00000000e8e80000)
 ParOldGen       total 45568K, used 18700K [0x00000000a0000000, 0x00000000a2c80000, 0x00000000e0000000)
  object space 45568K, 41% used [0x00000000a0000000,0x00000000a12430d0,0x00000000a2c80000)
 Metaspace       used 56325K, capacity 57860K, committed 57984K, reserved 1099776K
  class space    used 7525K, capacity 7958K, committed 8064K, reserved 1048576K
Event: 99.791 GC heap after
Heap after GC invocations=17 (full 2):
 PSYoungGen      total 145920K, used 17387K [0x00000000e0000000, 0x00000000ed100000, 0x0000000100000000)
  eden space 128512K, 0% used [0x00000000e0000000,0x00000000e0000000,0x00000000e7d80000)
  from space 17408K, 99% used [0x00000000e7d80000,0x00000000e8e7ac68,0x00000000e8e80000)
  to   space 20992K, 0% used [0x00000000ebc80000,0x00000000ebc80000,0x00000000ed100000)
 ParOldGen       total 45568K, used 20857K [0x00000000a0000000, 0x00000000a2c80000, 0x00000000e0000000)
  object space 45568K, 45% used [0x00000000a0000000,0x00000000a145e438,0x00000000a2c80000)
 Metaspace       used 56325K, capacity 57860K, committed 57984K, reserved 1099776K
  class space    used 7525K, capacity 7958K, committed 8064K, reserved 1048576K
}
Event: 100.729 GC heap before
{Heap before GC invocations=18 (full 2):
 PSYoungGen      total 145920K, used 29878K [0x00000000e0000000, 0x00000000ed100000, 0x0000000100000000)
  eden space 128512K, 9% used [0x00000000e0000000,0x00000000e0c32bb8,0x00000000e7d80000)
  from space 17408K, 99% used [0x00000000e7d80000,0x00000000e8e7ac68,0x00000000e8e80000)
  to   space 20992K, 0% used [0x00000000ebc80000,0x00000000ebc80000,0x00000000ed100000)
 ParOldGen       total 45568K, used 20857K [0x00000000a0000000, 0x00000000a2c80000, 0x00000000e0000000)
  object space 45568K, 45% used [0x00000000a0000000,0x00000000a145e438,0x00000000a2c80000)
 Metaspace       used 57509K, capacity 59070K, committed 59136K, reserved 1099776K
  class space    used 7750K, capacity 8179K, committed 8192K, reserved 1048576K
Event: 100.767 GC heap after
Heap after GC invocations=18 (full 2):
 PSYoungGen      total 190976K, used 8628K [0x00000000e0000000, 0x00000000ecf00000, 0x0000000100000000)
  eden space 172032K, 0% used [0x00000000e0000000,0x00000000e0000000,0x00000000ea800000)
  from space 18944K, 45% used [0x00000000ebc80000,0x00000000ec4ed138,0x00000000ecf00000)
  to   space 19968K, 0% used [0x00000000ea800000,0x00000000ea800000,0x00000000ebb80000)
 ParOldGen       total 45568K, used 29552K [0x00000000a0000000, 0x00000000a2c80000, 0x00000000e0000000)
  object space 45568K, 64% used [0x00000000a0000000,0x00000000a1cdc048,0x00000000a2c80000)
 Metaspace       used 57509K, capacity 59070K, committed 59136K, reserved 1099776K
  class space    used 7750K, capacity 8179K, committed 8192K, reserved 1048576K
}
Event: 100.767 GC heap before
{Heap before GC invocations=19 (full 3):
 PSYoungGen      total 190976K, used 8628K [0x00000000e0000000, 0x00000000ecf00000, 0x0000000100000000)
  eden space 172032K, 0% used [0x00000000e0000000,0x00000000e0000000,0x00000000ea800000)
  from space 18944K, 45% used [0x00000000ebc80000,0x00000000ec4ed138,0x00000000ecf00000)
  to   space 19968K, 0% used [0x00000000ea800000,0x00000000ea800000,0x00000000ebb80000)
 ParOldGen       total 45568K, used 29552K [0x00000000a0000000, 0x00000000a2c80000, 0x00000000e0000000)
  object space 45568K, 64% used [0x00000000a0000000,0x00000000a1cdc048,0x00000000a2c80000)
 Metaspace       used 57509K, capacity 59070K, committed 59136K, reserved 1099776K
  class space    used 7750K, capacity 8179K, committed 8192K, reserved 1048576K
Event: 102.273 GC heap after
Heap after GC invocations=19 (full 3):
 PSYoungGen      total 190976K, used 0K [0x00000000e0000000, 0x00000000ecf00000, 0x0000000100000000)
  eden space 172032K, 0% used [0x00000000e0000000,0x00000000e0000000,0x00000000ea800000)
  from space 18944K, 0% used [0x00000000ebc80000,0x00000000ebc80000,0x00000000ecf00000)
  to   space 19968K, 0% used [0x00000000ea800000,0x00000000ea800000,0x00000000ebb80000)
 ParOldGen       total 69120K, used 31775K [0x00000000a0000000, 0x00000000a4380000, 0x00000000e0000000)
  object space 69120K, 45% used [0x00000000a0000000,0x00000000a1f07f98,0x00000000a4380000)
 Metaspace       used 57166K, capacity 58656K, committed 59136K, reserved 1099776K
  class space    used 7682K, capacity 8101K, committed 8192K, reserved 1048576K
}
Event: 259.373 GC heap before
{Heap before GC invocations=20 (full 3):
 PSYoungGen      total 190976K, used 172032K [0x00000000e0000000, 0x00000000ecf00000, 0x0000000100000000)
  eden space 172032K, 100% used [0x00000000e0000000,0x00000000ea800000,0x00000000ea800000)
  from space 18944K, 0% used [0x00000000ebc80000,0x00000000ebc80000,0x00000000ecf00000)
  to   space 19968K, 0% used [0x00000000ea800000,0x00000000ea800000,0x00000000ebb80000)
 ParOldGen       total 69120K, used 31775K [0x00000000a0000000, 0x00000000a4380000, 0x00000000e0000000)
  object space 69120K, 45% used [0x00000000a0000000,0x00000000a1f07f98,0x00000000a4380000)
 Metaspace       used 65785K, capacity 67980K, committed 68096K, reserved 1107968K
  class space    used 8615K, capacity 9198K, committed 9216K, reserved 1048576K
Event: 261.380 GC heap after
Heap after GC invocations=20 (full 3):
 PSYoungGen      total 192000K, used 18185K [0x00000000e0000000, 0x00000000ef680000, 0x0000000100000000)
  eden space 172032K, 0% used [0x00000000e0000000,0x00000000e0000000,0x00000000ea800000)
  from space 19968K, 91% used [0x00000000ea800000,0x00000000eb9c2590,0x00000000ebb80000)
  to   space 22016K, 0% used [0x00000000ee100000,0x00000000ee100000,0x00000000ef680000)
 ParOldGen       total 69120K, used 31847K [0x00000000a0000000, 0x00000000a4380000, 0x00000000e0000000)
  object space 69120K, 46% used [0x00000000a0000000,0x00000000a1f19fa8,0x00000000a4380000)
 Metaspace       used 65785K, capacity 67980K, committed 68096K, reserved 1107968K
  class space    used 8615K, capacity 9198K, committed 9216K, reserved 1048576K
}

Deoptimization events (10 events):
Event: 110.232 Thread 0x000002bd7f71b000 Uncommon trap: reason=class_check action=maybe_recompile pc=0x000002bd6aca9f14 method=java.lang.Throwable.<init>(Ljava/lang/String;Ljava/lang/Throwable;)V @ 24
Event: 110.234 Thread 0x000002bd7f71b000 Uncommon trap: reason=class_check action=maybe_recompile pc=0x000002bd6aca9f14 method=java.lang.Throwable.<init>(Ljava/lang/String;Ljava/lang/Throwable;)V @ 24
Event: 256.944 Thread 0x000002bd03338800 Uncommon trap: reason=class_check action=maybe_recompile pc=0x000002bd6bc12f1c method=java.util.concurrent.LinkedBlockingQueue.poll(JLjava/util/concurrent/TimeUnit;)Ljava/lang/Object; @ 8
Event: 257.187 Thread 0x000002bd03341000 Uncommon trap: reason=bimorphic action=maybe_recompile pc=0x000002bd6b43f4bc method=java.util.regex.Pattern$5.isSatisfiedBy(I)Z @ 16
Event: 257.376 Thread 0x000002bd03341000 Uncommon trap: reason=unstable_if action=reinterpret pc=0x000002bd6c0915bc method=org.gradle.cache.internal.DefaultCrossBuildInMemoryCacheFactory$AbstractCrossBuildInMemoryCache.getIfPresent(Ljava/lang/Object;)Ljava/lang/Object; @ 24
Event: 257.423 Thread 0x000002bd03341000 Uncommon trap: reason=unstable_if action=reinterpret pc=0x000002bd6c08b704 method=org.gradle.cache.internal.DefaultCrossBuildInMemoryCacheFactory$AbstractCrossBuildInMemoryCache.getIfPresent(Ljava/lang/Object;)Ljava/lang/Object; @ 24
Event: 257.445 Thread 0x000002bd03341000 Uncommon trap: reason=unstable_if action=reinterpret pc=0x000002bd6c08321c method=org.gradle.cache.internal.DefaultCrossBuildInMemoryCacheFactory$AbstractCrossBuildInMemoryCache.getIfPresent(Ljava/lang/Object;)Ljava/lang/Object; @ 24
Event: 257.508 Thread 0x000002bd03341000 Uncommon trap: reason=unstable_if action=reinterpret pc=0x000002bd6c11c800 method=org.gradle.internal.logging.sink.OutputEventTransformer.onOutput(Lorg/gradle/internal/logging/events/OutputEvent;)V @ 84
Event: 258.642 Thread 0x000002bd03345000 Uncommon trap: reason=unstable_if action=reinterpret pc=0x000002bd6b9aa230 method=java.util.concurrent.locks.ReentrantLock$Sync.nonfairTryAcquire(I)Z @ 19
Event: 258.659 Thread 0x000002bd03343800 Uncommon trap: reason=unstable_if action=reinterpret pc=0x000002bd6bd91794 method=org.gradle.internal.time.MonotonicClock.advance(J)J @ 25

Classes redefined (0 events):
No events

Internal exceptions (10 events):
Event: 110.217 Thread 0x000002bd7f71b000 Exception <a 'java/lang/NoSuchMethodError': <clinit>> (0x00000000e7a9f428) thrown at [C:\jenkins\workspace\8-2-build-windows-amd64-cygwin\jdk8u271\605\hotspot\src\share\vm\prims\jni.cpp, line 1615]
Event: 110.222 Thread 0x000002bd7f71b000 Exception <a 'java/io/IOException'> (0x00000000e7aadb88) thrown at [C:\jenkins\workspace\8-2-build-windows-amd64-cygwin\jdk8u271\605\hotspot\src\share\vm\prims\jni.cpp, line 710]
Event: 110.222 Thread 0x000002bd7f71b000 Exception <a 'java/io/IOException'> (0x00000000e7aaeff0) thrown at [C:\jenkins\workspace\8-2-build-windows-amd64-cygwin\jdk8u271\605\hotspot\src\share\vm\prims\jni.cpp, line 710]
Event: 110.223 Thread 0x000002bd7f71b000 Exception <a 'java/lang/reflect/InvocationTargetException'> (0x00000000e7aafdd0) thrown at [C:\jenkins\workspace\8-2-build-windows-amd64-cygwin\jdk8u271\605\hotspot\src\share\vm\runtime\reflection.cpp, line 1092]
Event: 110.223 Thread 0x000002bd7f71b000 Exception <a 'java/io/IOException'> (0x00000000e7ab0270) thrown at [C:\jenkins\workspace\8-2-build-windows-amd64-cygwin\jdk8u271\605\hotspot\src\share\vm\prims\jni.cpp, line 710]
Event: 110.223 Thread 0x000002bd7f71b000 Exception <a 'java/lang/reflect/InvocationTargetException'> (0x00000000e7ab0c80) thrown at [C:\jenkins\workspace\8-2-build-windows-amd64-cygwin\jdk8u271\605\hotspot\src\share\vm\runtime\reflection.cpp, line 1092]
Event: 110.223 Thread 0x000002bd7f71b000 Exception <a 'java/io/IOException'> (0x00000000e7ab1120) thrown at [C:\jenkins\workspace\8-2-build-windows-amd64-cygwin\jdk8u271\605\hotspot\src\share\vm\prims\jni.cpp, line 710]
Event: 110.231 Thread 0x000002bd7f71b000 Exception <a 'java/io/IOException'> (0x00000000e88087a0) thrown at [C:\jenkins\workspace\8-2-build-windows-amd64-cygwin\jdk8u271\605\hotspot\src\share\vm\prims\jni.cpp, line 710]
Event: 110.234 Thread 0x000002bd7f71b000 Exception <a 'java/io/IOException'> (0x00000000e8811518) thrown at [C:\jenkins\workspace\8-2-build-windows-amd64-cygwin\jdk8u271\605\hotspot\src\share\vm\prims\jni.cpp, line 710]
Event: 257.508 Thread 0x000002bd03341000 Implicit null exception at 0x000002bd6c119ca8 to 0x000002bd6c11c7e1

Events (10 events):
Event: 261.995 Executing VM operation: RevokeBias
Event: 261.996 Executing VM operation: RevokeBias done
Event: 262.071 Executing VM operation: RevokeBias
Event: 262.071 Executing VM operation: RevokeBias done
Event: 262.440 loading class java/util/AbstractList$1
Event: 262.444 loading class java/util/AbstractList$1 done
Event: 262.620 Thread 0x000002bd03341000 DEOPT PACKING pc=0x000002bd6b933133 sp=0x000000c86fefb3d0
Event: 262.630 Thread 0x000002bd03341000 DEOPT UNPACKING pc=0x000002bd6a797898 sp=0x000000c86fefb098 mode 0
Event: 262.722 Executing VM operation: RevokeBias
Event: 262.723 Executing VM operation: RevokeBias done


Dynamic libraries:
0x00007ff736910000 - 0x00007ff736957000 	C:\Program Files\Java\jdk1.8.0_271\bin\java.exe
0x00007ffc06080000 - 0x00007ffc06270000 	C:\Windows\SYSTEM32\ntdll.dll
0x00007ffc05b20000 - 0x00007ffc05bd2000 	C:\Windows\System32\KERNEL32.DLL
0x00007ffc03c90000 - 0x00007ffc03f33000 	C:\Windows\System32\KERNELBASE.dll
0x00007ffc04130000 - 0x00007ffc041d3000 	C:\Windows\System32\ADVAPI32.dll
0x00007ffc05f20000 - 0x00007ffc05fbe000 	C:\Windows\System32\msvcrt.dll
0x00007ffc04c50000 - 0x00007ffc04ce7000 	C:\Windows\System32\sechost.dll
0x00007ffc04e50000 - 0x00007ffc04f70000 	C:\Windows\System32\RPCRT4.dll
0x00007ffc044a0000 - 0x00007ffc04634000 	C:\Windows\System32\USER32.dll
0x00007ffc03170000 - 0x00007ffc03191000 	C:\Windows\System32\win32u.dll
0x00007ffc046b0000 - 0x00007ffc046d6000 	C:\Windows\System32\GDI32.dll
0x00007ffc03af0000 - 0x00007ffc03c84000 	C:\Windows\System32\gdi32full.dll
0x00007ffc04010000 - 0x00007ffc040ae000 	C:\Windows\System32\msvcp_win.dll
0x00007ffc03070000 - 0x00007ffc0316a000 	C:\Windows\System32\ucrtbase.dll
0x00007ffbebbd0000 - 0x00007ffbebe55000 	C:\Windows\WinSxS\amd64_microsoft.windows.common-controls_6595b64144ccf1df_6.0.18362.778_none_e6c6b761130d4fb8\COMCTL32.dll
0x00007ffc05be0000 - 0x00007ffc05f16000 	C:\Windows\System32\combase.dll
0x00007ffc032f0000 - 0x00007ffc03370000 	C:\Windows\System32\bcryptPrimitives.dll
0x00007ffc046e0000 - 0x00007ffc0470e000 	C:\Windows\System32\IMM32.DLL
0x00007ffbf65e0000 - 0x00007ffbf65f5000 	C:\Program Files\Java\jdk1.8.0_271\jre\bin\vcruntime140.dll
0x00007ffbc8b00000 - 0x00007ffbc8b9b000 	C:\Program Files\Java\jdk1.8.0_271\jre\bin\msvcp140.dll
0x0000000062390000 - 0x0000000062bff000 	C:\Program Files\Java\jdk1.8.0_271\jre\bin\server\jvm.dll
0x00007ffc06030000 - 0x00007ffc06038000 	C:\Windows\System32\PSAPI.DLL
0x00007ffbf7580000 - 0x00007ffbf7589000 	C:\Windows\SYSTEM32\WSOCK32.dll
0x00007ffc05fc0000 - 0x00007ffc0602f000 	C:\Windows\System32\WS2_32.dll
0x00007ffbffc00000 - 0x00007ffbffc24000 	C:\Windows\SYSTEM32\WINMM.dll
0x00007ffbf92a0000 - 0x00007ffbf92aa000 	C:\Windows\SYSTEM32\VERSION.dll
0x00007ffbffbd0000 - 0x00007ffbffbfd000 	C:\Windows\SYSTEM32\WINMMBASE.dll
0x00007ffc040e0000 - 0x00007ffc0412a000 	C:\Windows\System32\cfgmgr32.dll
0x00007ffc02f50000 - 0x00007ffc02f61000 	C:\Windows\System32\kernel.appcore.dll
0x00007ffbf69d0000 - 0x00007ffbf69e0000 	C:\Program Files\Java\jdk1.8.0_271\jre\bin\verify.dll
0x00007ffbdd840000 - 0x00007ffbdd86b000 	C:\Program Files\Java\jdk1.8.0_271\jre\bin\java.dll
0x00007ffbf3630000 - 0x00007ffbf3648000 	C:\Program Files\Java\jdk1.8.0_271\jre\bin\zip.dll
0x00007ffc053d0000 - 0x00007ffc05ab5000 	C:\Windows\System32\SHELL32.dll
0x00007ffc04f70000 - 0x00007ffc05019000 	C:\Windows\System32\shcore.dll
0x00007ffc03370000 - 0x00007ffc03af0000 	C:\Windows\System32\windows.storage.dll
0x00007ffc02fe0000 - 0x00007ffc03003000 	C:\Windows\System32\profapi.dll
0x00007ffc02f70000 - 0x00007ffc02fba000 	C:\Windows\System32\powrprof.dll
0x00007ffc02f40000 - 0x00007ffc02f50000 	C:\Windows\System32\UMPDC.dll
0x00007ffc05370000 - 0x00007ffc053c2000 	C:\Windows\System32\shlwapi.dll
0x00007ffc03f40000 - 0x00007ffc03f57000 	C:\Windows\System32\cryptsp.dll
0x00007ffbe83f0000 - 0x00007ffbe840c000 	C:\Program Files\Java\jdk1.8.0_271\jre\bin\net.dll
0x00007ffc02750000 - 0x00007ffc027b7000 	C:\Windows\system32\mswsock.dll
0x00007ffbe7ee0000 - 0x00007ffbe7ef3000 	C:\Program Files\Java\jdk1.8.0_271\jre\bin\nio.dll
0x00007ffbdc890000 - 0x00007ffbdc8b6000 	C:\Users\Febria\.gradle\native\30\windows-amd64\native-platform.dll
0x00007ffbf69b0000 - 0x00007ffbf69bd000 	C:\Program Files\Java\jdk1.8.0_271\jre\bin\management.dll
0x00007ffc022c0000 - 0x00007ffc022f3000 	C:\Windows\system32\rsaenh.dll
0x00007ffc040b0000 - 0x00007ffc040d6000 	C:\Windows\System32\bcrypt.dll
0x00007ffc02e30000 - 0x00007ffc02e55000 	C:\Windows\SYSTEM32\USERENV.dll
0x00007ffc02920000 - 0x00007ffc0292c000 	C:\Windows\SYSTEM32\CRYPTBASE.dll
0x00007ffc02460000 - 0x00007ffc0249a000 	C:\Windows\SYSTEM32\IPHLPAPI.DLL
0x00007ffc04410000 - 0x00007ffc04418000 	C:\Windows\System32\NSI.dll
0x00007ffbf99a0000 - 0x00007ffbf99b6000 	C:\Windows\SYSTEM32\dhcpcsvc6.DLL
0x00007ffbf9c20000 - 0x00007ffbf9c3c000 	C:\Windows\SYSTEM32\dhcpcsvc.DLL
0x00007ffc024a0000 - 0x00007ffc0256a000 	C:\Windows\SYSTEM32\DNSAPI.dll

VM Arguments:
jvm_args: -Xmx1536M -Dfile.encoding=windows-1252 -Duser.country=ID -Duser.language=en -Duser.variant 
java_command: org.gradle.launcher.daemon.bootstrap.GradleDaemon 5.6.2
java_class_path (initial): C:\Users\Febria\.gradle\wrapper\dists\gradle-5.6.2-all\9st6wgf78h16so49nn74lgtbb\gradle-5.6.2\lib\gradle-launcher-5.6.2.jar
Launcher Type: SUN_STANDARD

Environment Variables:
JAVA_HOME=C:\Program Files\Java\jdk1.8.0_271
CLASSPATH=C:\Users\Febria\Documents\GitHub\pemrogramanMobile\usage\android\\gradle\wrapper\gradle-wrapper.jar
PATH=C:\Program Files\Git\mingw64\bin;C:\Program Files\Git\usr\bin;C:\Users\Febria\bin;C:\Program Files (x86)\Common Files\Oracle\Java\javapath;C:\Python38\Scripts;C:\Python38;C:\Windows\system32;C:\Windows;C:\Windows\System32\Wbem;C:\Windows\System32\WindowsPowerShell\v1.0;C:\Windows\System32\OpenSSH;C:\Program Files\Java\jdk1.8.0_271\bin;C:\Program Files\Inkscape\bin;C:\Program Files\PuTTY;C:\Program Files\Git\cmd;C:\xampp\php;C:\ProgramData\ComposerSetup\bin;C:\Program Files\nodejs;C:\ProgramData\chocolatey\bin;C:\Users\Febria\AppData\Local\Android\Sdk\platform-tools;C:\Users\Febria\AppData\Local\Android\Sdk\tools;C:\flutter\bin;C:\Users\Febria\AppData\Local\Microsoft\WindowsApps;C:\Program Files\Java\jdk1.8.0_271\bin;C:\flutter\bin;C:\Users\Febria\AppData\Local\Programs\Microsoft VS Code\bin;C:\Users\Febria\AppData\Roaming\Composer\vendor\bin;C:\Users\Febria\AppData\Roaming\npm;C:\Users\Febria\AppData\Local\Android\Sdk\platform-tools;C:\Users\Febria\AppData\Local\Android\Sdk\tools;C:\Users\Febria\AppData\Local\GitHubDesktop\bin;C:\flutter\bin\mingit\cmd
USERNAME=Febria
OS=MINGW64_NT-10.0-18363
PROCESSOR_IDENTIFIER=Intel64 Family 6 Model 58 Stepping 9, GenuineIntel



---------------  S Y S T E M  ---------------

OS: Windows 10.0 , 64 bit Build 18362 (10.0.18362.778)

CPU:total 4 (initial active 4) (2 cores per cpu, 2 threads per core) family 6 model 58 stepping 9, cmov, cx8, fxsr, mmx, sse, sse2, sse3, ssse3, sse4.1, sse4.2, popcnt, avx, clmul, erms, ht, tsc, tscinvbit, tscinv

Memory: 4k page, physical 1980200k(45328k free), swap 8009512k(0k free)

vm_info: Java HotSpot(TM) 64-Bit Server VM (25.271-b09) for windows-amd64 JRE (1.8.0_271-b09), built on Sep 16 2020 19:14:59 by "" with MS VC++ 15.9 (VS2017)

time: Tue Jan 12 19:55:26 2021
timezone: SE Asia Standard Time
elapsed time: 263.936734 seconds (0d 0h 4m 23s)

